Time[ps]      Etot[eV]     Epot[eV]     Ekin[eV]    T[K]      ---------------------- stress [GPa] -----------------------
0.0000        -15664.56    -15664.56         0.00     0.0    -14.889    -14.888     11.022      0.000      0.000     -0.001
0.0250        -15732.40    -16133.10       400.70  1291.7    -11.307    -11.307     11.636      0.000     -0.000     -0.000
0.0500        -15836.35    -15938.46       102.11   329.2    -33.420    -33.422    -20.578     -0.000     -0.000      0.001
0.0750        -15934.41    -15951.02        16.60    53.5     -6.428     -6.431     24.007      0.000     -0.000      0.002
0.1000        -15971.54    -16140.07       168.53   543.2    -23.729    -23.705     -6.000      0.000     -0.000     -0.021
0.1250        -15949.40    -16111.19       161.79   521.5    -25.372    -25.364     -8.632      0.001     -0.001     -0.007
0.1500        -15961.15    -15983.40        22.25    71.7     -7.719     -7.681     21.573     -0.010      0.005     -0.032
0.1750        -15984.59    -16080.19        95.60   308.2    -27.065    -27.324    -11.128      0.009     -0.005      0.224
0.2000        -15975.93    -16131.37       155.44   501.0    -16.335    -16.348      5.770      0.031     -0.018      0.011
0.2250        -15960.00    -16022.75        62.75   202.3    -14.875    -14.934      9.404      0.026     -0.015      0.050
0.2500        -15980.34    -16028.89        48.55   156.5    -28.086    -27.070    -10.493     -0.135      0.079     -0.880
0.2750        -15991.63    -16095.64       104.01   335.3    -10.640    -10.622     15.293     -0.019      0.012     -0.015
0.3000        -15961.52    -16109.89       148.37   478.3    -20.417    -20.512     -0.473      0.433     -0.248      0.078
0.3250        -15960.59    -16058.39        97.80   315.2    -19.159    -20.488      1.429      0.717     -0.411      1.155
0.3500        -15981.11    -16025.45        44.34   142.9    -15.870    -15.688      8.792      0.515     -0.291     -0.158
0.3750        -15990.61    -16052.04        61.44   198.0    -27.401    -25.394     -7.354     -1.884      1.086     -1.837
0.4000        -15985.31    -16107.17       121.86   392.8    -14.358    -14.380     12.396      0.630     -0.303     -0.025
0.4250        -15977.06    -16111.35       134.30   432.9    -26.117    -24.584     -3.277     -2.121      1.526     -0.825
0.4500        -15995.88    -16124.38       128.50   414.2    -18.011    -18.965      9.309      0.807     -0.370      0.877
0.4750        -16011.10    -16087.93        76.83   247.7    -27.307    -24.640     -1.847      1.584     -0.876     -1.957
0.5000        -16023.75    -16138.96       115.21   371.4    -24.194    -24.403      6.036      0.776     -1.219     -0.192
0.5250        -16042.31    -16116.78        74.47   240.1    -32.328    -28.501     -2.434     -2.475      0.957     -3.535
0.5500        -16016.06    -16105.34        89.27   287.8    -26.917    -25.954      9.927      0.208      1.751     -0.546
0.5750        -16027.78    -16132.32       104.54   337.0    -35.037    -32.391     -4.389      2.697     -0.465     -2.906
0.6000        -16031.60    -16112.40        80.80   260.4    -24.904    -25.290     10.057     -0.215     -1.372     -0.072
0.6250        -16034.87    -16133.56        98.69   318.1    -30.558    -27.532     -2.026     -0.646     -0.559     -2.086
0.6500        -16049.42    -16153.77       104.35   336.4    -23.416    -23.096      5.592      0.031      0.785     -0.828
0.6750        -16046.41    -16139.31        92.90   299.5    -25.371    -25.526      0.457      0.587      0.163     -0.206
0.7000        -16055.03    -16156.87       101.83   328.3    -24.154    -23.613      3.013     -0.101     -0.276     -0.318
0.7250        -16070.51    -16182.75       112.24   361.8    -25.633    -24.601      1.253     -0.163      0.025     -0.253
0.7500        -16104.56    -16231.88       127.32   410.4    -25.356    -24.727      2.163      0.239      0.219     -0.359
0.7750        -16153.48    -16289.37       135.88   438.0    -26.490    -25.952      0.443      0.265      0.092     -0.622
0.8000        -16212.89    -16360.54       147.65   475.9    -25.247    -24.398      1.198      0.025     -0.028     -0.576
0.8250        -16285.02    -16442.60       157.58   508.0    -25.097    -24.664     -0.836     -0.120     -0.175     -0.529
0.8500        -16369.02    -16532.01       162.99   525.4    -23.082    -22.797     -0.029      0.283     -0.274     -0.447
0.8750        -16457.52    -16623.77       166.25   535.9    -22.477    -22.206     -0.816      0.319     -0.223     -0.350
0.9000        -16549.59    -16714.98       165.40   533.2    -21.315    -21.188     -1.283      0.267     -0.116     -0.299
0.9250        -16637.81    -16801.23       163.42   526.8    -20.068    -19.841     -1.712      0.250     -0.174     -0.222
0.9500        -16725.20    -16886.22       161.02   519.0    -18.855    -18.567     -1.824      0.241     -0.129     -0.195
0.9750        -16805.21    -16958.17       152.96   493.1    -17.902    -17.481     -2.056      0.129     -0.043     -0.142
1.0000        -16876.62    -17023.04       146.42   472.0    -17.108    -16.618     -2.684      0.085     -0.026     -0.163
1.0250        -16940.54    -17082.86       142.32   458.8    -15.728    -15.248     -2.478      0.083      0.063     -0.109
1.0500        -17000.40    -17139.31       138.90   447.8    -14.899    -14.349     -2.913      0.197      0.095     -0.168
1.0750        -17054.74    -17188.51       133.77   431.2    -14.070    -13.441     -2.814      0.172      0.091     -0.151
1.1000        -17101.24    -17230.14       128.90   415.5    -13.433    -12.835     -2.898      0.093      0.077     -0.044
1.1250        -17145.59    -17273.21       127.62   411.4    -13.098    -12.525     -3.389      0.151      0.024     -0.033
1.1500        -17188.51    -17315.13       126.62   408.2    -12.563    -12.012     -3.444      0.095      0.019      0.031
1.1750        -17227.78    -17350.21       122.43   394.6    -11.885    -11.380     -3.570      0.038     -0.076      0.098
1.2000        -17262.32    -17381.42       119.10   383.9    -11.955    -11.146     -4.085     -0.070     -0.093      0.053
1.2250        -17295.34    -17415.05       119.71   385.9    -11.188    -10.660     -4.010      0.023     -0.152     -0.141
